C51 COMPILER V9.60.0.0   GF68_8051_MAIN                                                    03/15/2021 13:14:19 PAGE 1   


C51 COMPILER V9.60.0.0, COMPILATION OF MODULE GF68_8051_MAIN
OBJECT MODULE PLACED IN .\src\GF68_8051_main.OBJ
COMPILER INVOKED BY: d:\8051_mcu_ide\install\developer\toolchains\keil_8051\9.60\BIN\C51.exe D:\8051_mcu_ide\install\GF6
                    -8_8051\src\GF68_8051_main.c OMF2 SMALL DEBUG OBJECTEXTEND ROM(LARGE) WARNINGLEVEL(2) FLOATFUZZY(3) OPTIMIZE(8,SPEED) INT
                    -VECTOR(0X0000) INTPROMOTE INCDIR(D:/8051_mcu_ide/install/developer/sdks/8051/v4.1.5//Device/shared/si8051Base;D:/8051_mc
                    -u_ide/install/developer/sdks/8051/v4.1.5//Device/C8051F300/inc) PRINT(.\src\GF68_8051_main.lst) COND PAGEWIDTH(120) PAGE
                    -LENGTH(65) OBJECT(.\src\GF68_8051_main.OBJ)

line level    source

   1          //-----------------------------------------------------------------------------
   2          // Includes
   3          //-----------------------------------------------------------------------------
   4          #include <SI_C8051F300_Register_Enums.h>                // SFR declarations
   5          
   6          //P2 default output low
   7          //P4 latch 1
   8          
   9          //-----------------------------------------------------------------------------
  10          // SiLabs_Startup() Routine
  11          // ----------------------------------------------------------------------------
  12          // This function is called immediately after reset, before the initialization
  13          // code is run in SILABS_STARTUP.A51 (which runs before main() ). This is a
  14          // useful place to disable the watchdog timer, which is enable by default
  15          // and may trigger before main() in some instances.
  16          //-----------------------------------------------------------------------------
  17          void SiLabs_Startup (void)
  18          {
  19   1              PCA0MD &= ~0x40; // Disable the watchdog here
  20   1      }
  21          
  22          
  23          INTERRUPT_PROTO(Timer2_ISR, 5);
  24          void Timer2_Init(void);
  25          void Timer2_Disable(void);
  26          void Timer2_Enable(void);
  27          void Init_Device(void);
  28          void Interrupts_Init(void);
  29          unsigned char CheckP0B4PressTime(unsigned short Min, unsigned short Max);
  30          void wait_ms(unsigned short m_second);
  31          void Set_Timer0(void);
  32          void Start_Stop_timer(void);
  33          unsigned char PWM_toggle(void);
  34          unsigned char calculate_pwm_frequency (void);
  35          
  36          #define  POWEROFF     0x00
  37          #define  STARTUP      0x01
  38          #define  IDLE         0x02
  39          #define  BOOT_FAIL    0x03
  40          
  41          unsigned char BootStage;
  42          unsigned char BootFlag;
  43          
  44          unsigned char ResetTimes;
  45          
  46          unsigned short timer2recording = 0x0000;
  47          unsigned char TL0Temp = 0x00;
  48          unsigned char TH0Temp = 0x00;
  49          
  50          //-----------------------------------------------------------------------------
  51          // main() Routine
  52          // ----------------------------------------------------------------------------
C51 COMPILER V9.60.0.0   GF68_8051_MAIN                                                    03/15/2021 13:14:19 PAGE 2   

  53          // Note: the software watchdog timer is not disabled by default in this
  54          // example, so a long-running program will reset periodically unless
  55          // the timer is disabled or your program periodically writes to it.
  56          //
  57          // Review the "Watchdog Timer" section under the part family's datasheet
  58          // for details. To find the datasheet, select your part in the
  59          // Simplicity Launcher and click on "Data Sheet".
  60          //-----------------------------------------------------------------------------
  61          int main (void)
  62          {
  63   1              Init_Device();
  64   1              Timer2_Init();
  65   1              Timer2_Disable();
  66   1              Interrupts_Init();
  67   1      
  68   1              BootFlag = 0x01;
  69   1              BootStage = STARTUP;
  70   1      
  71   1              while (1)
  72   1              {
  73   2                      switch(BootStage)
  74   2                      {
  75   3                      case STARTUP:
  76   3                              if(BootFlag == 0x01)
  77   3                              {
  78   4                                      if(CheckP0B4PressTime(16,500))
  79   4                                      {
  80   5                                              BootFlag = 0x02;
  81   5                                              Timer2_Enable();
  82   5                                      }
  83   4                              }
  84   3                              else if(BootFlag == 0x02)
  85   3                              {
  86   4                                      if(!P0_B6)
  87   4                                      {
  88   5                                              while(!P0_B6)
  89   5                                              {
  90   6                                                      if(timer2recording > 50)
  91   6                                                      {
  92   7                                                              BootFlag = 0x01;
  93   7                                                              BootStage = BOOT_FAIL;
  94   7                                                              Timer2_Disable();
  95   7                                                              break;
  96   7                                                      }
  97   6                                              }
  98   5                                      }
  99   4      
 100   4                                      if((P0_B6) && (BootFlag == 0x02))
 101   4                                      {
 102   5                                              BootFlag = 0x03;
 103   5                                              Timer2_Disable();
 104   5                                              Timer2_Enable();
 105   5                                      }
 106   4                              }
 107   3                              else if(BootFlag == 0x03)
 108   3                              {
 109   4                                      if(timer2recording > 550)
 110   4                                      {
 111   5                                              BootFlag = 0x01;
 112   5                                              BootStage = BOOT_FAIL;
 113   5                                              Timer2_Disable();
 114   5                                              break;
 115   5                                      }
C51 COMPILER V9.60.0.0   GF68_8051_MAIN                                                    03/15/2021 13:14:19 PAGE 3   

 116   4      
 117   4                                      if(!P0_B6)
 118   4                                      {
 119   5                                              BootFlag = 0x01;
 120   5                                              BootStage = BOOT_FAIL;
 121   5                                              Timer2_Disable();
 122   5                                              break;
 123   5                                      }
 124   4      
 125   4                                      //if(calculate_pwm_frequency() ==1)
 126   4                                      if(!P0_B7)
 127   4                                      {
 128   5                                              BootFlag = 0x11;
 129   5                                              BootStage = IDLE;
 130   5                                              Timer2_Disable();
 131   5                                      }
 132   4                              }
 133   3                              break;
 134   3                      case IDLE:
 135   3      #if 0
                                      if(BootFlag == 0x11)
                                      {
                                              if(!P0_B6)
                                              {
                                                      while(!P0_B6)
                                                      {
                                                              if(CheckP0B4PressTime(16,500))
                                                              {
                                                                      BootFlag = 0x02;
                                                                      BootStage = STARTUP;
                                                                      Timer2_Enable();
                                                                      break;
                                                              }
                                                      }
              
                                                      if((P0_B6) && (BootFlag == 0x11))
                                                      {
                                                              BootFlag = 0x12;
                                                      }
                                              }
                                      }
                                      else if(BootFlag == 0x12)
                                      {
                                              BootFlag = 0x03;
                                              BootStage = STARTUP;
                                              Timer2_Enable();
                                      }
              #endif
 164   3                              break;
 165   3                      case BOOT_FAIL:
 166   3                              P0_B3=0;
 167   3                              wait_ms(5);
 168   3                              P0_B2=1;
 169   3                              wait_ms(5);
 170   3                              P0_B2=0;
 171   3                              wait_ms(5);
 172   3                              P0_B3=1;
 173   3                              wait_ms(10);
 174   3                              P0_B0=0;
 175   3                              wait_ms(100);
 176   3                              P0_B0=1;
 177   3                              BootStage = STARTUP;
 178   3                              BootFlag = 0x01;
C51 COMPILER V9.60.0.0   GF68_8051_MAIN                                                    03/15/2021 13:14:19 PAGE 4   

 179   3                              break;
 180   3                      case POWEROFF:
 181   3                              break;
 182   3                      }
 183   2      
 184   2              }                             // Spin forever
 185   1      }
 186          
 187          unsigned char CheckP0B4PressTime(unsigned short Min, unsigned short Max)
 188          {
 189   1              unsigned short checkloop = 0;
 190   1      
 191   1              for(checkloop=0;checkloop<=0xffff;checkloop++)
 192   1              {
 193   2                      if(!P0_B4)  wait_ms(1);
 194   2                      else break;
 195   2              }
 196   1      
 197   1              if((checkloop > Min) && (checkloop < Max))
 198   1                      return 1;
 199   1      
 200   1              return 0;
 201   1      }
 202          
 203          /*----------------------------------------------------------------------*/
 204          /* Calculate PWM frequency 1KHz*/
 205          // 255KHz Sample Rate, So 200-300 conters
 206          unsigned char calculate_pwm_frequency ()
 207          {
 208   1      #if 0
                      unsigned short timercount = 0x0000;
                      Set_Timer0();
                      Start_Stop_timer();
                      timercount = (TH0Temp<<8)| TL0Temp;
              
                      if(timercount>= 232 && timercount <= 283) return 1;             // 1KHz range 0.9KHz~1.1KHz
                      else if(timercount>= 120 && timercount <= 160) return 2;        // 1.82KHz      1.60KHz~2.13KHz
                      else if (timercount >=77 && timercount <=94 ) return 3;         // about 2.7KHz~3.3KHz
                      else if(timercount >=23 && timercount <=28 ) return 10;         // about 9KHz~11Hz for USB reset
                      else return false;                                                                      // other false
              #endif
 220   1              return 1;
 221   1      }
 222          
 223          void Set_Timer0()
 224          {
 225   1                      TMOD &= ~0x0F;
 226   1                      TMOD |=  0x01;
 227   1                      CKCON |= 0x04;
 228   1                      TCON_TR0=0;
 229   1                      TCON_TF0=0;
 230   1                      TH0=0;
 231   1                      TL0=0;
 232   1      
 233   1      }
 234          
 235          void Start_Stop_timer()
 236          {
 237   1              if(PWM_toggle())
 238   1              {
 239   2      
 240   2                      TCON_TR0=1;
 241   2      
C51 COMPILER V9.60.0.0   GF68_8051_MAIN                                                    03/15/2021 13:14:19 PAGE 5   

 242   2                      if(PWM_toggle())
 243   2                      {
 244   3                              TCON_TR0=0;
 245   3                              TL0Temp= TL0;
 246   3                              TH0Temp= TH0;
 247   3                      }
 248   2              }
 249   1      }
 250          
 251          unsigned char PWM_toggle()
 252          {
 253   1              unsigned long i,j;
 254   1      
 255   1              for(i=0;i<=0xfff;i++)
 256   1              {
 257   2                      if(!P0_B7)break;
 258   2                      i+=1;
 259   2              }
 260   1      
 261   1              for(j=0;j<=0xfff;j++)
 262   1              {
 263   2                      if(P0_B7)break;
 264   2                      j+=1;
 265   2              }
 266   1              return true;
 267   1      }
 268          
 269          void Interrupts_Init()
 270          {
 271   1              IE_EA = 1;
 272   1              IE_ET2 = 1;
 273   1      }
 274          // Peripheral specific initialization functions,
 275          // Called from the Init_Device() function
 276          void Port_IO_Init()
 277          {
 278   1          // P0.0  -  Unassigned,  Push-Pull,  Digital
 279   1          // P0.1  -  Unassigned,  Open-Drain, Digital
 280   1          // P0.2  -  Unassigned,  Push-Pull,  Digital
 281   1          // P0.3  -  Unassigned,  Push-Pull,  Digital
 282   1          // P0.4  -  Unassigned,  Open-Drain, Digital
 283   1          // P0.5  -  Unassigned,  Push-Pull,  Digital
 284   1          // P0.6  -  Unassigned,  Open-Drain, Digital
 285   1          // P0.7  -  Unassigned,  Open-Drain, Digital
 286   1      
 287   1          P0MDOUT   |= 0x2D;
 288   1          P0        &= ~0x04;
 289   1          XBR2      = 0xC0;
 290   1      }
 291          
 292          // Initialization function for device,
 293          // Call Init_Device() from your main program
 294          void Init_Device(void)
 295          {
 296   1          Port_IO_Init();
 297   1      }
 298          
 299          /*----------------------------------------------------------------------*/
 300          /* ms delay routine */
 301          void wait_ms(unsigned short m_second)
 302          {
 303   1      
 304   1              TCON &= ~0xC0;
C51 COMPILER V9.60.0.0   GF68_8051_MAIN                                                    03/15/2021 13:14:19 PAGE 6   

 305   1          TMOD &= ~0xF0;
 306   1          TMOD |=  0x10;
 307   1          CKCON |= 0x10;
 308   1      
 309   1              while (m_second)
 310   1              {
 311   2                      TCON_TR1 = 0;
 312   2                      TH1 = 0xF4;
 313   2                      TL1 = 0x09;
 314   2                      TCON_TF1 = 0;           /* Clear overflow indicator*/
 315   2                      TCON_TR1= 1;
 316   2                      while (!TCON_TF1)
 317   2                      {
 318   3                              _nop_();
 319   3                      }
 320   2                      m_second--;
 321   2              }
 322   1          //TR1 = 0;
 323   1              TCON_TR1 = 0;                   /* Stop Timer1 */
 324   1      }
 325          
 326          
 327          /*
 328          void Timer2_Init(void)
 329          {
 330             CKCON &= ~0x60;                     // Timer2 uses SYSCLK/12
 331             TMR2CN &= ~0x01;
 332          
 333             TMR2RL = TIMER2_RELOAD;             // Reload value to be used in Timer2
 334             TMR2 = TMR2RL;                      // Init the Timer2 register
 335          
 336             TMR2CN = 0x04;                      // Enable Timer2 in auto-reload mode
 337             IE_ET2 = 1;                            // Timer2 interrupt enabled
 338          }
 339          */
 340          
 341          void Timer2_Init(void)
 342          {
 343   1              TMR2CN = 0x00;          // 16bit自动装载方式
 344   1              TMR2RLL = 0x4F;         // 设定100ms
 345   1              TMR2RLH = 0x9C;
 346   1      
 347   1              TMR2L = 0x4F;
 348   1              TMR2H = 0x9C;
 349   1      
 350   1              //TR2 = 1;
 351   1              TMR2CN_TR2 = 0;                         // enable timer2
 352   1      }
 353          
 354          void Timer2_Disable(void)
 355          {
 356   1      
 357   1              //timer2recording = 0x0000;     //clear count
 358   1              //TR2 = 0;
 359   1              TMR2CN_TR2 = 0;                         // Disable timer2
 360   1              timer2recording = 0x0000;
 361   1      }
 362          
 363          void Timer2_Enable(void)
 364          {
 365   1              timer2recording = 0x0000;
 366   1              //TR2 = 1;
 367   1              TMR2CN_TR2 = 1;                         // Enable timer2
C51 COMPILER V9.60.0.0   GF68_8051_MAIN                                                    03/15/2021 13:14:19 PAGE 7   

 368   1              //ET2 = 1;
 369   1              IE_ET2 = 1;                             // Enable Timer2 interrupt
 370   1              //EA = 1;                                       // Enable All interrupt control
 371   1      }
 372          
 373          //-----------------------------------------------------------------------------
 374          // Interrupt Service Routines
 375          //-----------------------------------------------------------------------------
 376          
 377          //-----------------------------------------------------------------------------
 378          // Timer2_ISR
 379          //-----------------------------------------------------------------------------
 380          //
 381          // Here we process the Timer2 interrupt and toggle the LED
 382          //
 383          //-----------------------------------------------------------------------------
 384          INTERRUPT_PROTO(Timer2_ISR, 5)
 385          {
 386   1         TMR2CN_TF2H = 0;                           // Reset Interrupt
 387   1         timer2recording++;
 388   1      }


MODULE INFORMATION:   STATIC OVERLAYABLE
   CODE SIZE        =    586    ----
   CONSTANT SIZE    =   ----    ----
   XDATA SIZE       =   ----    ----
   PDATA SIZE       =   ----    ----
   DATA SIZE        =      7      14
   IDATA SIZE       =   ----    ----
   BIT SIZE         =   ----    ----
   EDATA SIZE       =   ----    ----
   HDATA SIZE       =   ----    ----
   XDATA CONST SIZE =   ----    ----
   FAR CONST SIZE   =   ----    ----
END OF MODULE INFORMATION.


C51 COMPILATION COMPLETE.  0 WARNING(S),  0 ERROR(S)
